{
  "RSpec": {
    "coverage": {
      "/Users/WorkStuff/Desktop/gitDir/week4/book_manager/spec/features/viewing_links_spec.rb": [
        1,
        1,
        1,
        1,
        1,
        1,
        null,
        null
      ],
      "/Users/WorkStuff/Desktop/gitDir/week4/book_manager/spec/link_spec.rb": [
        1,
        null,
        1,
        null,
        1,
        1,
        1,
        null,
        1,
        1,
        1,
        null,
        null,
        null
      ]
    },
    "timestamp": 1520886809
  }
}
