{
  "RSpec": {
    "coverage": {
      "/Users/ricky/Documents/makers/w4/bookmark_manager/spec/features/viewing_links_spec.rb": [
        1,
        1,
        1,
        1,
        1,
        1,
        null,
        null
      ],
      "/Users/ricky/Documents/makers/w4/bookmark_manager/spec/link_spec.rb": [
        1,
        null,
        1,
        null,
        1,
        1,
        1,
        1,
        1,
        1,
        null,
        null,
        null
      ],
      "/Users/ricky/Documents/makers/w4/bookmark_manager/spec/test_database_setup.rb": [
        1,
        null,
        1,
        null,
        1,
        null,
        1,
        null,
        null,
        null,
        null,
        null,
        1,
        3,
        null
      ]
    },
    "timestamp": 1520940260
  }
}
